<?xml version="1.0" encoding="UTF-8"?>
<!-- Generated by org.testng.reporters.JUnitReportReporter -->
<testsuite hostname="DESKTOP-KEGK38M" failures="0" tests="1" name="sampleRestAssured.TC003_GET_Request" time="5.930" errors="0" timestamp="08 Jun 2022 16:28:01 GMT" skipped="0">
  <testcase classname="sampleRestAssured.TC003_GET_Request" name="googleMapTest" time="5.930"/>
</testsuite> <!-- sampleRestAssured.TC003_GET_Request -->
