<?xml version="1.0" encoding="UTF-8"?>
<!-- Generated by org.testng.reporters.JUnitReportReporter -->
<testsuite hostname="DESKTOP-KEGK38M" failures="0" tests="1" name="com.gorest.in.POST_07_MultiBody_Text" time="5.358" errors="0" timestamp="2024-06-16T11:31:51 IST" skipped="0">
  <testcase classname="com.gorest.in.POST_07_MultiBody_Text" name="bodyWithText" time="5.358"/>
  <system-out/>
</testsuite> <!-- com.gorest.in.POST_07_MultiBody_Text -->
