<?xml version="1.0" encoding="UTF-8"?>
<!-- Generated by org.testng.reporters.JUnitReportReporter -->
<testsuite hostname="DESKTOP-KEGK38M" failures="0" tests="5" name="training_Concepts.Http_Requests" time="7.842" errors="0" timestamp="2023-07-10T19:16:41 IST" skipped="2">
  <testcase classname="training_Concepts.Http_Requests" name="updateUser2" time="6.084"/>
  <system-out/>
  <testcase classname="training_Concepts.Http_Requests" name="UpdateUser" time="1.025"/>
  <system-out/>
  <testcase classname="training_Concepts.Http_Requests" name="deleteUse" time="0.733"/>
  <system-out/>
  <testcase classname="training_Concepts.Http_Requests" name="getUSer">
    <skipped/>
  </testcase> <!-- getUSer -->
  <system-out/>
  <testcase classname="training_Concepts.Http_Requests" name="updateUser">
    <skipped/>
  </testcase> <!-- updateUser -->
  <system-out/>
</testsuite> <!-- training_Concepts.Http_Requests -->
