<?xml version="1.0" encoding="UTF-8"?>
<!-- Generated by org.testng.reporters.JUnitReportReporter -->
<testsuite hostname="DESKTOP-KEGK38M" failures="0" tests="1" name="training_Concepts.QueryAndPathParameter" time="4.157" errors="0" timestamp="2023-07-14T19:56:56 IST" skipped="0">
  <testcase classname="training_Concepts.QueryAndPathParameter" name="PathAndQueryParamter" time="4.157"/>
  <system-out/>
</testsuite> <!-- training_Concepts.QueryAndPathParameter -->
