<?xml version="1.0" encoding="UTF-8"?>
<!-- Generated by org.testng.reporters.JUnitReportReporter -->
<testsuite hostname="DESKTOP-KEGK38M" failures="0" tests="2" name="RA_06_com.gorest.in.api.F1_UserTest" time="7.280" errors="0" timestamp="2024-05-11T13:41:25 IST" skipped="1">
  <testcase classname="RA_06_com.gorest.in.api.F1_UserTest" name="getProduct_WithLobokPojoTest_WithBuilder" time="7.280"/>
  <system-out/>
  <testcase classname="RA_06_com.gorest.in.api.F1_UserTest" name="getProduct_WithLobokPojoTest_WithoutBuilder">
    <skipped/>
  </testcase> <!-- getProduct_WithLobokPojoTest_WithoutBuilder -->
  <system-out/>
</testsuite> <!-- RA_06_com.gorest.in.api.F1_UserTest -->
