<?xml version="1.0" encoding="UTF-8"?>
<!-- Generated by org.testng.reporters.JUnitReportReporter -->
<testsuite hostname="DESKTOP-KEGK38M" failures="0" tests="2" name="GetAPIs.A4_GetAPI_BDD" time="9.706" errors="0" timestamp="2024-05-01T13:32:45 IST" skipped="0">
  <testcase classname="GetAPIs.A4_GetAPI_BDD" name="getProductsTest" time="8.559"/>
  <system-out/>
  <testcase classname="GetAPIs.A4_GetAPI_BDD" name="getProducts_WithLogsTest" time="1.147"/>
  <system-out/>
</testsuite> <!-- GetAPIs.A4_GetAPI_BDD -->
