<?xml version="1.0" encoding="UTF-8"?>
<!-- Generated by org.testng.reporters.JUnitReportReporter -->
<testsuite hostname="DESKTOP-KEGK38M" failures="0" tests="2" name="com.qa.gorest.tests.GET_01_AllUserTest" time="7.793" errors="0" timestamp="2024-05-19T20:38:05 IST" skipped="0">
  <testcase classname="com.qa.gorest.tests.GET_01_AllUserTest" name="getAlluserTest" time="5.891"/>
  <system-out/>
  <testcase classname="com.qa.gorest.tests.GET_01_AllUserTest" name="getOneUserTest2" time="1.902"/>
  <system-out/>
</testsuite> <!-- com.qa.gorest.tests.GET_01_AllUserTest -->
