<?xml version="1.0" encoding="UTF-8"?>
<!-- Generated by org.testng.reporters.JUnitReportReporter -->
<testsuite hostname="DESKTOP-KEGK38M" failures="0" tests="3" name="com.qa.gorest.tests.GET_01_AllUserTest" time="8.692" errors="0" timestamp="2024-05-25T20:59:25 IST" skipped="0">
  <testcase classname="com.qa.gorest.tests.GET_01_AllUserTest" name="getUserWithQueryParamTest3" time="4.448"/>
  <system-out/>
  <testcase classname="com.qa.gorest.tests.GET_01_AllUserTest" name="getOneUserTest2" time="2.728"/>
  <system-out/>
  <testcase classname="com.qa.gorest.tests.GET_01_AllUserTest" name="getAllUserTest1" time="1.516"/>
  <system-out/>
</testsuite> <!-- com.qa.gorest.tests.GET_01_AllUserTest -->
