<?xml version="1.0" encoding="UTF-8"?>
<!-- Generated by org.testng.reporters.JUnitReportReporter -->
<testsuite hostname="DESKTOP-KEGK38M" failures="0" tests="3" name="com.qa.gorest.tests.GET_01_AllUserTest" time="30.957" errors="0" timestamp="2024-05-26T20:40:43 IST" skipped="0">
  <testcase classname="com.qa.gorest.tests.GET_01_AllUserTest" name="getUserWithQueryParamTest3" time="12.278"/>
  <system-out/>
  <testcase classname="com.qa.gorest.tests.GET_01_AllUserTest" name="getOneUserTest2" time="2.361"/>
  <system-out/>
  <testcase classname="com.qa.gorest.tests.GET_01_AllUserTest" name="getAllUserTest1" time="16.318"/>
  <system-out/>
</testsuite> <!-- com.qa.gorest.tests.GET_01_AllUserTest -->
