<?xml version="1.0" encoding="UTF-8"?>
<!-- Generated by org.testng.reporters.JUnitReportReporter -->
<testsuite hostname="DESKTOP-KEGK38M" failures="0" tests="3" name="com.qa.gorest.tests.GET_01_AllUserTest" time="15.581" errors="0" timestamp="2024-05-26T11:35:39 IST" skipped="0">
  <testcase classname="com.qa.gorest.tests.GET_01_AllUserTest" name="getUserWithQueryParamTest3" time="5.040"/>
  <system-out/>
  <testcase classname="com.qa.gorest.tests.GET_01_AllUserTest" name="getOneUserTest2" time="1.613"/>
  <system-out/>
  <testcase classname="com.qa.gorest.tests.GET_01_AllUserTest" name="getAllUserTest1" time="8.928"/>
  <system-out/>
</testsuite> <!-- com.qa.gorest.tests.GET_01_AllUserTest -->
