<?xml version="1.0" encoding="UTF-8"?>
<!-- Generated by org.testng.reporters.JUnitReportReporter -->
<testsuite hostname="DESKTOP-KEGK38M" failures="0" tests="1" name="com.qa.gorest.tests.GET_01_AllUserTest" time="5.175" errors="0" timestamp="2024-05-19T11:49:37 IST" skipped="0">
  <testcase classname="com.qa.gorest.tests.GET_01_AllUserTest" name="getAlluserTest" time="5.175"/>
  <system-out/>
</testsuite> <!-- com.qa.gorest.tests.GET_01_AllUserTest -->
