<?xml version="1.0" encoding="UTF-8"?>
<!-- Generated by org.testng.reporters.JUnitReportReporter -->
<testsuite hostname="DESKTOP-KEGK38M" failures="0" tests="1" name="com.qa.gorest.tests.GET_04_GetCircuitsTest" time="1.193" errors="0" timestamp="2024-05-26T11:35:39 IST" skipped="0">
  <testcase classname="com.qa.gorest.tests.GET_04_GetCircuitsTest" name="getCircuitsTest" time="1.193"/>
  <system-out/>
</testsuite> <!-- com.qa.gorest.tests.GET_04_GetCircuitsTest -->
