<?xml version="1.0" encoding="UTF-8"?>
<!-- Generated by org.testng.reporters.JUnitReportReporter -->
<testsuite hostname="DESKTOP-KEGK38M" failures="0" tests="1" name="com.qa.gorest.tests.POST_01_CreateUserTest" time="8.454" errors="0" timestamp="2024-05-25T19:36:02 IST" skipped="0">
  <testcase classname="com.qa.gorest.tests.POST_01_CreateUserTest" name="createUserTest" time="8.454"/>
  <system-out/>
</testsuite> <!-- com.qa.gorest.tests.POST_01_CreateUserTest -->
