<?xml version="1.0" encoding="UTF-8"?>
<!-- Generated by org.testng.reporters.JUnitReportReporter -->
<testsuite hostname="DESKTOP-KEGK38M" failures="0" tests="1" name="training_Concepts.Path_QueryParameter" time="4.117" errors="0" timestamp="2023-07-12T18:10:26 IST" skipped="0">
  <testcase classname="training_Concepts.Path_QueryParameter" name="testQueryAndPathParameter" time="4.117"/>
  <system-out/>
</testsuite> <!-- training_Concepts.Path_QueryParameter -->
