<?xml version="1.0" encoding="UTF-8"?>
<!-- Generated by org.testng.reporters.JUnitReportReporter -->
<testsuite hostname="DESKTOP-KEGK38M" failures="0" tests="2" name="training_Concepts.HeadersDemo" time="4.206" errors="0" timestamp="2023-07-14T19:43:05 IST" skipped="1">
  <testcase classname="training_Concepts.HeadersDemo" name="getHeaders" time="4.206"/>
  <system-out/>
  <testcase classname="training_Concepts.HeadersDemo" name="testHeaders">
    <skipped/>
  </testcase> <!-- testHeaders -->
  <system-out/>
</testsuite> <!-- training_Concepts.HeadersDemo -->
