<?xml version="1.0" encoding="UTF-8"?>
<!-- Generated by org.testng.reporters.JUnitReportReporter -->
<testsuite hostname="DESKTOP-KEGK38M" failures="0" tests="5" name="com.qa.opencart.tests.LoginPageTest" time="1.024" errors="0" timestamp="22 Aug 2022 12:23:40 GMT" skipped="0">
  <testcase classname="com.qa.opencart.tests.LoginPageTest" name="loginPageTest" time="0.025"/>
  <testcase classname="com.qa.opencart.tests.LoginPageTest" name="loginPageURL" time="0.016"/>
  <testcase classname="com.qa.opencart.tests.LoginPageTest" name="forgotPwdLinkTest" time="0.219"/>
  <testcase classname="com.qa.opencart.tests.LoginPageTest" name="registerLinkExists" time="0.098"/>
  <testcase classname="com.qa.opencart.tests.LoginPageTest" name="doLogin" time="0.666"/>
</testsuite> <!-- com.qa.opencart.tests.LoginPageTest -->
