<?xml version="1.0" encoding="UTF-8"?>
<!-- Generated by org.testng.reporters.JUnitReportReporter -->
<testsuite hostname="DESKTOP-KEGK38M" failures="0" tests="1" name="com.qa.gorest.tests.GET_02_SpecificUserTest" time="4.609" errors="0" timestamp="2024-05-19T11:50:58 IST" skipped="0">
  <testcase classname="com.qa.gorest.tests.GET_02_SpecificUserTest" name="getAlluserTest" time="4.609"/>
  <system-out/>
</testsuite> <!-- com.qa.gorest.tests.GET_02_SpecificUserTest -->
