<?xml version="1.0" encoding="UTF-8"?>
<!-- Generated by org.testng.reporters.JUnitReportReporter -->
<testsuite hostname="DESKTOP-KEGK38M" failures="0" tests="3" name="Selenium2024.Selenium2024.DataDrivenTest" time="0.029" errors="0" timestamp="12 Apr 2024 13:56:35 GMT" skipped="0">
  <testcase classname="Selenium2024.Selenium2024.DataDrivenTest" name="getData" time="0.018"/>
  <testcase classname="Selenium2024.Selenium2024.DataDrivenTest" name="getData" time="0.007"/>
  <testcase classname="Selenium2024.Selenium2024.DataDrivenTest" name="getData" time="0.004"/>
</testsuite> <!-- Selenium2024.Selenium2024.DataDrivenTest -->
