<?xml version="1.0" encoding="UTF-8"?>
<!-- Generated by org.testng.reporters.JUnitReportReporter -->
<testsuite hostname="DESKTOP-KEGK38M" failures="0" tests="3" name="TestNG1.LoginPage" time="1.037" errors="0" timestamp="27 May 2022 04:43:57 GMT" skipped="0">
  <testcase classname="TestNG1.LoginPage" name="sigupLinkTest" time="0.266"/>
  <testcase classname="TestNG1.LoginPage" name="PageTitleTest" time="0.019"/>
  <testcase classname="TestNG1.LoginPage" name="LoginPageTest" time="0.752"/>
</testsuite> <!-- TestNG1.LoginPage -->
