<?xml version="1.0" encoding="UTF-8"?>
<!-- Generated by org.testng.reporters.JUnitReportReporter -->
<testsuite hostname="DESKTOP-KEGK38M" failures="0" tests="2" name="TestNG1.AnnoationConcepts" time="0.025" errors="0" timestamp="26 May 2022 07:03:00 GMT" skipped="0">
  <testcase classname="TestNG1.AnnoationConcepts" name="AccountInfoTest" time="0.022"/>
  <testcase classname="TestNG1.AnnoationConcepts" name="UserInfoTest" time="0.003"/>
</testsuite> <!-- TestNG1.AnnoationConcepts -->
